#
# There is insufficient memory for the Java Runtime Environment to continue.
# Native memory allocation (malloc) failed to allocate 1048576 bytes for AllocateHeap
# Possible reasons:
#   The system is out of physical RAM or swap space
#   In 32 bit mode, the process size limit was hit
# Possible solutions:
#   Reduce memory load on the system
#   Increase physical memory or swap space
#   Check if swap backing store is full
#   Use 64 bit Java on a 64 bit OS
#   Decrease Java heap size (-Xmx/-Xms)
#   Decrease number of Java threads
#   Decrease Java thread stack sizes (-Xss)
#   Set larger code cache with -XX:ReservedCodeCacheSize=
# This output file may be truncated or incomplete.
#
#  Out of Memory Error (memory/allocation.inline.hpp:62), pid=9948, tid=736
#
# JRE version:  (8.0_25-b18) (build )
# Java VM: Java HotSpot(TM) 64-Bit Server VM (25.25-b02 mixed mode windows-amd64 compressed oops)
# Failed to write core dump. Minidumps are not enabled by default on client versions of Windows
#

---------------  T H R E A D  ---------------

Current thread (0x00000000022a0800):  JavaThread "Unknown thread" [_thread_in_vm, id=736, stack(0x0000000002150000,0x0000000002250000)]

Stack: [0x0000000002150000,0x0000000002250000]
Native frames: (J=compiled Java code, j=interpreted, Vv=VM code, C=native code)
V  [jvm.dll+0x31667a]
V  [jvm.dll+0x267073]
V  [jvm.dll+0x267cb3]
V  [jvm.dll+0x25f5b5]
V  [jvm.dll+0x25e60f]
V  [jvm.dll+0x3d616c]
V  [jvm.dll+0x3d1967]
V  [jvm.dll+0xe53f2]
V  [jvm.dll+0x1f9b19]
V  [jvm.dll+0x22b2e4]
V  [jvm.dll+0x14d571]
C  [java.exe+0x20b6]
C  [java.exe+0xc9bb]
C  [java.exe+0xca4f]
C  [KERNEL32.DLL+0x16ad]
C  [ntdll.dll+0x703c4]


---------------  P R O C E S S  ---------------

Java Threads: ( => current thread )

Other Threads:

=>0x00000000022a0800 (exited) JavaThread "Unknown thread" [_thread_in_vm, id=736, stack(0x0000000002150000,0x0000000002250000)]

VM state:not at safepoint (normal execution)

VM Mutex/Monitor currently owned by a thread: None

Heap:
 PSYoungGen      total 35840K, used 614K [0x00000000d8300000, 0x00000000dab00000, 0x0000000100000000)
  eden space 30720K, 2% used [0x00000000d8300000,0x00000000d83999a8,0x00000000da100000)
  from space 5120K, 0% used [0x00000000da600000,0x00000000da600000,0x00000000dab00000)
  to   space 5120K, 0% used [0x00000000da100000,0x00000000da100000,0x00000000da600000)
 ParOldGen       total 81920K, used 0K [0x0000000088800000, 0x000000008d800000, 0x00000000d8300000)
  object space 81920K, 0% used [0x0000000088800000,0x0000000088800000,0x000000008d800000)
 Metaspace       used 658K, capacity 1028K, committed 1152K, reserved 1060864K
  class space    used 66K, capacity 384K, committed 384K, reserved 1048576K

Card table byte_map: [0x0000000011760000,0x0000000011b20000] byte_map_base: 0x000000001131c000

Marking Bits: (ParMarkBitMap*) 0x00000000756bd490
 Begin Bits: [0x00000000121a0000, 0x0000000013f80000)
 End Bits:   [0x0000000013f80000, 0x0000000015d60000)

Polling page: 0x00000000004a0000

CodeCache: size=245760Kb used=326Kb max_used=326Kb free=245433Kb
 bounds [0x00000000023a0000, 0x0000000002610000, 0x00000000113a0000]
 total_blobs=55 nmethods=0 adapters=37
 compilation: enabled

Compilation events (0 events):
No events

GC Heap History (0 events):
No events

Deoptimization events (0 events):
No events

Internal exceptions (0 events):
No events

Events (10 events):
Event: 0.056 loading class java/lang/Short
Event: 0.056 loading class java/lang/Short done
Event: 0.056 loading class java/lang/Integer
Event: 0.057 loading class java/lang/Integer done
Event: 0.057 loading class java/lang/Long
Event: 0.057 loading class java/lang/Long done
Event: 0.058 loading class java/lang/NullPointerException
Event: 0.058 loading class java/lang/NullPointerException done
Event: 0.058 loading class java/lang/ArithmeticException
Event: 0.059 loading class java/lang/ArithmeticException done


Dynamic libraries:
0x00007ff66db00000 - 0x00007ff66db34000 	C:\Program Files\Java\jre1.8.0_25\bin\java.exe
0x00007ffe45270000 - 0x00007ffe4541c000 	C:\WINDOWS\SYSTEM32\ntdll.dll
0x00007ffe44f80000 - 0x00007ffe450ba000 	C:\WINDOWS\system32\KERNEL32.DLL
0x00007ffe42630000 - 0x00007ffe4273f000 	C:\WINDOWS\system32\KERNELBASE.dll
0x00007ffe410c0000 - 0x00007ffe41148000 	C:\WINDOWS\system32\apphelp.dll
0x00007ffe31a90000 - 0x00007ffe31adf000 	C:\WINDOWS\AppPatch\AppPatch64\AcGenral.DLL
0x00007ffe432f0000 - 0x00007ffe43397000 	C:\WINDOWS\system32\msvcrt.dll
0x00007ffe42280000 - 0x00007ffe422ab000 	C:\WINDOWS\SYSTEM32\SspiCli.dll
0x00007ffe45210000 - 0x00007ffe45261000 	C:\WINDOWS\system32\SHLWAPI.dll
0x00007ffe42a40000 - 0x00007ffe42bb1000 	C:\WINDOWS\system32\USER32.dll
0x00007ffe43590000 - 0x00007ffe43708000 	C:\WINDOWS\system32\ole32.dll
0x00007ffe43a00000 - 0x00007ffe44f18000 	C:\WINDOWS\system32\SHELL32.dll
0x00007ffe41aa0000 - 0x00007ffe41abe000 	C:\WINDOWS\SYSTEM32\USERENV.dll
0x00007ffe42fa0000 - 0x00007ffe43045000 	C:\WINDOWS\system32\ADVAPI32.dll
0x00007ffe3bcb0000 - 0x00007ffe3bccb000 	C:\WINDOWS\SYSTEM32\MPR.dll
0x00007ffe43440000 - 0x00007ffe43577000 	C:\WINDOWS\system32\RPCRT4.dll
0x00007ffe429c0000 - 0x00007ffe42a17000 	C:\WINDOWS\SYSTEM32\sechost.dll
0x00007ffe43050000 - 0x00007ffe43226000 	C:\WINDOWS\SYSTEM32\combase.dll
0x00007ffe450c0000 - 0x00007ffe45204000 	C:\WINDOWS\system32\GDI32.dll
0x00007ffe424b0000 - 0x00007ffe424c4000 	C:\WINDOWS\SYSTEM32\profapi.dll
0x00007ffe40ad0000 - 0x00007ffe40b6f000 	C:\WINDOWS\SYSTEM32\SHCORE.dll
0x00007ffe43720000 - 0x00007ffe43754000 	C:\WINDOWS\system32\IMM32.DLL
0x00007ffe43760000 - 0x00007ffe438b3000 	C:\WINDOWS\system32\MSCTF.dll
0x00007ffe404f0000 - 0x00007ffe4074a000 	C:\WINDOWS\WinSxS\amd64_microsoft.windows.common-controls_6595b64144ccf1df_6.0.9600.17031_none_6242a4b3ecbb55a1\COMCTL32.dll
0x0000000075740000 - 0x0000000075812000 	C:\Program Files\Java\jre1.8.0_25\bin\msvcr100.dll
0x0000000074ee0000 - 0x000000007573a000 	C:\Program Files\Java\jre1.8.0_25\bin\server\jvm.dll
0x00007ffe3bed0000 - 0x00007ffe3bed9000 	C:\WINDOWS\SYSTEM32\WSOCK32.dll
0x00007ffe3d750000 - 0x00007ffe3d76f000 	C:\WINDOWS\SYSTEM32\WINMM.dll
0x00007ffe43990000 - 0x00007ffe43997000 	C:\WINDOWS\system32\PSAPI.DLL
0x00007ffe44f20000 - 0x00007ffe44f78000 	C:\WINDOWS\system32\WS2_32.dll
0x00007ffe3cb30000 - 0x00007ffe3cb5a000 	C:\WINDOWS\SYSTEM32\WINMMBASE.dll
0x00007ffe43580000 - 0x00007ffe43589000 	C:\WINDOWS\system32\NSI.dll
0x00007ffe42970000 - 0x00007ffe429ba000 	C:\WINDOWS\SYSTEM32\cfgmgr32.dll
0x00007ffe41310000 - 0x00007ffe41336000 	C:\WINDOWS\SYSTEM32\DEVOBJ.dll
0x0000000074ed0000 - 0x0000000074edf000 	C:\Program Files\Java\jre1.8.0_25\bin\verify.dll
0x0000000074ea0000 - 0x0000000074ec8000 	C:\Program Files\Java\jre1.8.0_25\bin\java.dll
0x0000000074e80000 - 0x0000000074e96000 	C:\Program Files\Java\jre1.8.0_25\bin\zip.dll
0x00007ffe31df0000 - 0x00007ffe31f78000 	C:\WINDOWS\SYSTEM32\dbghelp.dll

VM Arguments:
java_command: <unknown>
java_class_path (initial): .
Launcher Type: SUN_STANDARD

Environment Variables:
JAVA_HOME=C:\Program Files\Java\jdk1.8.0_25
PATH=C:\ProgramData\Oracle\Java\javapath;C:\WINDOWS\system32;C:\WINDOWS;C:\WINDOWS\System32\Wbem;C:\WINDOWS\System32\WindowsPowerShell\v1.0\;C:\Program Files (x86)\ATI Technologies\ATI.ACE\Core-Static;E:\android-sdk-windows\platform-tools;E:\android-sdk-windows\tools;E:\cygwin64\bin
USERNAME=Tan
OS=Windows_NT
PROCESSOR_IDENTIFIER=AMD64 Family 21 Model 16 Stepping 1, AuthenticAMD



---------------  S Y S T E M  ---------------

OS: Windows 8.1 , 64 bit Build 9600 

CPU:total 4 (4 cores per cpu, 1 threads per core) family 21 model 16 stepping 1, cmov, cx8, fxsr, mmx, sse, sse2, sse3, ssse3, sse4.1, sse4.2, popcnt, avx, aes, clmul, mmxext, 3dnowpref, lzcnt, sse4a, tsc, tscinvbit, tscinv, bmi1

Memory: 4k page, physical 7829780k(1268288k free), swap 8878356k(6012k free)

vm_info: Java HotSpot(TM) 64-Bit Server VM (25.25-b02) for windows-amd64 JRE (1.8.0_25-b18), built on Oct  7 2014 14:25:37 by "java_re" with MS VC++ 10.0 (VS2010)

time: Fri Jan 16 23:20:09 2015
elapsed time: 0 seconds (0d 0h 0m 0s)

